Using pre-set license
Built from '2020.3/staging' branch; Version is '2020.3.6f1 (338bb68529b2) revision 3378102'; Using compiler version '192528614'; Build Type 'Release'
OS: 'Windows 10 Home; OS build 19041.264; Version 2004; 64bit' Language: 'ko' Physical Memory: 16318 MB
BatchMode: 1, IsHumanControllingUs: 0, StartBugReporterOnCrash: 0, Is64bit: 1, IsPro: 0

 COMMAND LINE ARGUMENTS:
C:\Program Files\Unity\Hub\Editor\2020.3.6f1\Editor\Unity.exe
-adb2
-batchMode
-noUpm
-name
AssetImportWorker0
-projectPath
C:/Users/G/Desktop/git/2Dgold
-logFile
Logs/AssetImportWorker0.log
-srvPort
49857
Successfully changed project path to: C:/Users/G/Desktop/git/2Dgold
C:/Users/G/Desktop/git/2Dgold
Using Asset Import Pipeline V2.
Refreshing native plugins compatible for Editor in 30.05 ms, found 1 plugins.
Preloading 0 native plugins for Editor in 0.00 ms.
Initialize engine version: 2020.3.6f1 (338bb68529b2)
[Subsystems] Discovering subsystems at path C:/Program Files/Unity/Hub/Editor/2020.3.6f1/Editor/Data/Resources/UnitySubsystems
[Subsystems] Discovering subsystems at path C:/Users/G/Desktop/git/2Dgold/Assets
GfxDevice: creating device client; threaded=0
Direct3D:
    Version:  Direct3D 11.0 [level 11.1]
    Renderer: NVIDIA GeForce GTX 1660 (ID=0x2184)
    Vendor:   
    VRAM:     5991 MB
    Driver:   26.21.14.3200
Initialize mono
Mono path[0] = 'C:/Program Files/Unity/Hub/Editor/2020.3.6f1/Editor/Data/Managed'
Mono path[1] = 'C:/Program Files/Unity/Hub/Editor/2020.3.6f1/Editor/Data/MonoBleedingEdge/lib/mono/unityjit'
Mono config path = 'C:/Program Files/Unity/Hub/Editor/2020.3.6f1/Editor/Data/MonoBleedingEdge/etc'
Using monoOptions --debugger-agent=transport=dt_socket,embedding=1,server=y,suspend=n,address=127.0.0.1:56512
Begin MonoManager ReloadAssembly
Registering precompiled unity dll's ...
Register platform support module: C:/Program Files/Unity/Hub/Editor/2020.3.6f1/Editor/Data/PlaybackEngines/WindowsStandaloneSupport/UnityEditor.WindowsStandalone.Extensions.dll
Registered in 0.000771 seconds.
Native extension for WindowsStandalone target not found
Refreshing native plugins compatible for Editor in 30.81 ms, found 1 plugins.
Preloading 0 native plugins for Editor in 0.00 ms.
Mono: successfully reloaded assembly
- Completed reload, in  1.151 seconds
Platform modules already initialized, skipping
Registering precompiled user dll's ...
Registered in 0.000522 seconds.
Begin MonoManager ReloadAssembly
Native extension for WindowsStandalone target not found
Refreshing native plugins compatible for Editor in 30.81 ms, found 1 plugins.
Preloading 0 native plugins for Editor in 0.00 ms.
Mono: successfully reloaded assembly
- Completed reload, in  0.748 seconds
Platform modules already initialized, skipping
========================================================================
Worker process is ready to serve import requests
Launched and connected shader compiler UnityShaderCompiler.exe after 0.02 seconds
Refreshing native plugins compatible for Editor in 0.33 ms, found 1 plugins.
Preloading 0 native plugins for Editor in 0.00 ms.
Unloading 1852 Unused Serialized files (Serialized files now loaded: 0)
System memory in use before: 86.9 MB.
System memory in use after: 86.8 MB.

Unloading 24 unused Assets to reduce memory usage. Loaded Objects now: 2297.
Total: 1.820200 ms (FindLiveObjects: 0.175900 ms CreateObjectMapping: 0.068700 ms MarkObjects: 1.465800 ms  DeleteObjects: 0.109000 ms)

========================================================================
Received Import Request.
  path: Assets/Script/Player.cs
  artifactKey: Guid(28856bcb2652ae044addacd0d58e2e02) Importer(815301076,1909f56bfc062723c751e8b465ee728b)
Start importing Assets/Script/Player.cs using Guid(28856bcb2652ae044addacd0d58e2e02) Importer(815301076,1909f56bfc062723c751e8b465ee728b)  -> (artifact id: 'a00eb634171baadc6cae2f6b56ff8cb1') in 0.017794 seconds
  Import took 0.020148 seconds .

========================================================================
Received Import Request.
  Time since last request: 27.844835 seconds.
  path: Assets/Script/GameManager.cs
  artifactKey: Guid(6474b0c0a0146534b884b9dd540b3f08) Importer(815301076,1909f56bfc062723c751e8b465ee728b)
Start importing Assets/Script/GameManager.cs using Guid(6474b0c0a0146534b884b9dd540b3f08) Importer(815301076,1909f56bfc062723c751e8b465ee728b)  -> (artifact id: 'ed3711ddc5873c2947571cabb17bfcb3') in 0.008775 seconds
  Import took 0.011848 seconds .

========================================================================
Received Import Request.
  Time since last request: 46.912354 seconds.
  path: Assets/Script/Subtitle.cs
  artifactKey: Guid(188578657b721fa4ea4e1cc06f915b11) Importer(815301076,1909f56bfc062723c751e8b465ee728b)
Start importing Assets/Script/Subtitle.cs using Guid(188578657b721fa4ea4e1cc06f915b11) Importer(815301076,1909f56bfc062723c751e8b465ee728b)  -> (artifact id: 'eb6f84f82ae75a2790afcbdc9dd00269') in 0.009428 seconds
  Import took 0.012154 seconds .

========================================================================
Received Import Request.
  Time since last request: 0.001644 seconds.
  path: Assets/Script/Subtitle.cs
  artifactKey: Guid(188578657b721fa4ea4e1cc06f915b11) Importer(815301076,1909f56bfc062723c751e8b465ee728b)
Start importing Assets/Script/Subtitle.cs using Guid(188578657b721fa4ea4e1cc06f915b11) Importer(815301076,1909f56bfc062723c751e8b465ee728b)  -> (artifact id: 'eb6f84f82ae75a2790afcbdc9dd00269') in 0.001249 seconds
  Import took 0.003615 seconds .

========================================================================
Received Import Request.
  Time since last request: 9.261628 seconds.
  path: Assets/Script/Enemy.cs
  artifactKey: Guid(b13b864f46a808a4e85eea7fd5c70b44) Importer(815301076,1909f56bfc062723c751e8b465ee728b)
Start importing Assets/Script/Enemy.cs using Guid(b13b864f46a808a4e85eea7fd5c70b44) Importer(815301076,1909f56bfc062723c751e8b465ee728b)  -> (artifact id: '1f353d69b850934e5a2958e7656949d8') in 0.005834 seconds
  Import took 0.008334 seconds .

========================================================================
Received Prepare
Registering precompiled user dll's ...
Registered in 0.000694 seconds.
Begin MonoManager ReloadAssembly
Native extension for WindowsStandalone target not found
Refreshing native plugins compatible for Editor in 0.33 ms, found 1 plugins.
Preloading 0 native plugins for Editor in 0.00 ms.
Mono: successfully reloaded assembly
- Completed reload, in  0.684 seconds
Platform modules already initialized, skipping
Refreshing native plugins compatible for Editor in 0.32 ms, found 1 plugins.
Preloading 0 native plugins for Editor in 0.00 ms.
Unloading 1846 Unused Serialized files (Serialized files now loaded: 0)
System memory in use before: 86.7 MB.
System memory in use after: 86.7 MB.

Unloading 12 unused Assets to reduce memory usage. Loaded Objects now: 2301.
Total: 1.758900 ms (FindLiveObjects: 0.183200 ms CreateObjectMapping: 0.070500 ms MarkObjects: 1.416000 ms  DeleteObjects: 0.088200 ms)

========================================================================
Received Prepare
Registering precompiled user dll's ...
Registered in 0.000556 seconds.
Begin MonoManager ReloadAssembly
Native extension for WindowsStandalone target not found
Refreshing native plugins compatible for Editor in 0.32 ms, found 1 plugins.
Preloading 0 native plugins for Editor in 0.00 ms.
Mono: successfully reloaded assembly
- Completed reload, in  0.661 seconds
Platform modules already initialized, skipping
Refreshing native plugins compatible for Editor in 0.32 ms, found 1 plugins.
Preloading 0 native plugins for Editor in 0.00 ms.
Unloading 1846 Unused Serialized files (Serialized files now loaded: 0)
System memory in use before: 86.8 MB.
System memory in use after: 86.8 MB.

Unloading 12 unused Assets to reduce memory usage. Loaded Objects now: 2305.
Total: 6.674500 ms (FindLiveObjects: 0.479800 ms CreateObjectMapping: 0.237800 ms MarkObjects: 5.633200 ms  DeleteObjects: 0.321000 ms)

========================================================================
Received Prepare
Registering precompiled user dll's ...
Registered in 0.000541 seconds.
Begin MonoManager ReloadAssembly
Native extension for WindowsStandalone target not found
Refreshing native plugins compatible for Editor in 0.35 ms, found 1 plugins.
Preloading 0 native plugins for Editor in 0.00 ms.
Mono: successfully reloaded assembly
- Completed reload, in  0.680 seconds
Platform modules already initialized, skipping
Refreshing native plugins compatible for Editor in 0.38 ms, found 1 plugins.
Preloading 0 native plugins for Editor in 0.00 ms.
Unloading 1846 Unused Serialized files (Serialized files now loaded: 0)
System memory in use before: 86.8 MB.
System memory in use after: 86.8 MB.

Unloading 12 unused Assets to reduce memory usage. Loaded Objects now: 2309.
Total: 1.992200 ms (FindLiveObjects: 0.266700 ms CreateObjectMapping: 0.099800 ms MarkObjects: 1.531700 ms  DeleteObjects: 0.092900 ms)

========================================================================
Received Prepare
Registering precompiled user dll's ...
Registered in 0.000485 seconds.
Begin MonoManager ReloadAssembly
Native extension for WindowsStandalone target not found
Refreshing native plugins compatible for Editor in 0.32 ms, found 1 plugins.
Preloading 0 native plugins for Editor in 0.00 ms.
Mono: successfully reloaded assembly
- Completed reload, in  0.702 seconds
Platform modules already initialized, skipping
Refreshing native plugins compatible for Editor in 0.54 ms, found 1 plugins.
Preloading 0 native plugins for Editor in 0.00 ms.
Unloading 1846 Unused Serialized files (Serialized files now loaded: 0)
System memory in use before: 86.8 MB.
System memory in use after: 86.8 MB.

Unloading 12 unused Assets to reduce memory usage. Loaded Objects now: 2313.
Total: 2.092500 ms (FindLiveObjects: 0.244100 ms CreateObjectMapping: 0.072400 ms MarkObjects: 1.677900 ms  DeleteObjects: 0.095900 ms)

========================================================================
Received Prepare
Registering precompiled user dll's ...
Registered in 0.000608 seconds.
Begin MonoManager ReloadAssembly
Native extension for WindowsStandalone target not found
Refreshing native plugins compatible for Editor in 0.37 ms, found 1 plugins.
Preloading 0 native plugins for Editor in 0.00 ms.
Mono: successfully reloaded assembly
- Completed reload, in  0.833 seconds
Platform modules already initialized, skipping
Refreshing native plugins compatible for Editor in 0.34 ms, found 1 plugins.
Preloading 0 native plugins for Editor in 0.00 ms.
Unloading 1846 Unused Serialized files (Serialized files now loaded: 0)
System memory in use before: 86.8 MB.
System memory in use after: 86.8 MB.

Unloading 12 unused Assets to reduce memory usage. Loaded Objects now: 2317.
Total: 2.024300 ms (FindLiveObjects: 0.345700 ms CreateObjectMapping: 0.122600 ms MarkObjects: 1.450300 ms  DeleteObjects: 0.104900 ms)

========================================================================
Received Prepare
Registering precompiled user dll's ...
Registered in 0.000616 seconds.
Begin MonoManager ReloadAssembly
Native extension for WindowsStandalone target not found
Refreshing native plugins compatible for Editor in 0.49 ms, found 1 plugins.
Preloading 0 native plugins for Editor in 0.00 ms.
Mono: successfully reloaded assembly
- Completed reload, in  0.789 seconds
Platform modules already initialized, skipping
Refreshing native plugins compatible for Editor in 0.44 ms, found 1 plugins.
Preloading 0 native plugins for Editor in 0.00 ms.
Unloading 1846 Unused Serialized files (Serialized files now loaded: 0)
System memory in use before: 86.8 MB.
System memory in use after: 86.8 MB.

Unloading 12 unused Assets to reduce memory usage. Loaded Objects now: 2321.
Total: 1.832400 ms (FindLiveObjects: 0.224100 ms CreateObjectMapping: 0.066800 ms MarkObjects: 1.445100 ms  DeleteObjects: 0.095200 ms)

========================================================================
Received Import Request.
  Time since last request: 1254.956039 seconds.
  path: Assets/Animation/Enemy/Idle 0.controller
  artifactKey: Guid(5c3435681a26db04da13dd9cbc951600) Importer(815301076,1909f56bfc062723c751e8b465ee728b)
Start importing Assets/Animation/Enemy/Idle 0.controller using Guid(5c3435681a26db04da13dd9cbc951600) Importer(815301076,1909f56bfc062723c751e8b465ee728b)  -> (artifact id: '221a7a6759ce8a00a444e0c3a7a8b977') in 0.026791 seconds
  Import took 0.029710 seconds .

========================================================================
Received Prepare
Registering precompiled user dll's ...
Registered in 0.000549 seconds.
Begin MonoManager ReloadAssembly
Native extension for WindowsStandalone target not found
Refreshing native plugins compatible for Editor in 0.32 ms, found 1 plugins.
Preloading 0 native plugins for Editor in 0.00 ms.
Mono: successfully reloaded assembly
- Completed reload, in  0.671 seconds
Platform modules already initialized, skipping
Refreshing native plugins compatible for Editor in 0.37 ms, found 1 plugins.
Preloading 0 native plugins for Editor in 0.00 ms.
Unloading 1846 Unused Serialized files (Serialized files now loaded: 0)
System memory in use before: 86.9 MB.
System memory in use after: 86.8 MB.

Unloading 12 unused Assets to reduce memory usage. Loaded Objects now: 2325.
Total: 1.793500 ms (FindLiveObjects: 0.172100 ms CreateObjectMapping: 0.059900 ms MarkObjects: 1.470100 ms  DeleteObjects: 0.090300 ms)

========================================================================
Received Prepare
Registering precompiled user dll's ...
Registered in 0.000504 seconds.
Begin MonoManager ReloadAssembly
Native extension for WindowsStandalone target not found
Refreshing native plugins compatible for Editor in 0.34 ms, found 1 plugins.
Preloading 0 native plugins for Editor in 0.00 ms.
Mono: successfully reloaded assembly
- Completed reload, in  0.732 seconds
Platform modules already initialized, skipping
Refreshing native plugins compatible for Editor in 0.31 ms, found 1 plugins.
Preloading 0 native plugins for Editor in 0.00 ms.
Unloading 1846 Unused Serialized files (Serialized files now loaded: 0)
System memory in use before: 86.9 MB.
System memory in use after: 86.8 MB.

Unloading 12 unused Assets to reduce memory usage. Loaded Objects now: 2329.
Total: 3.702200 ms (FindLiveObjects: 0.335200 ms CreateObjectMapping: 0.148500 ms MarkObjects: 3.062800 ms  DeleteObjects: 0.153700 ms)

========================================================================
Received Import Request.
  Time since last request: 755.346516 seconds.
  path: Assets/Scenes
  artifactKey: Guid(f9c8bbe76b6d9bf408b63fd7aff9c192) Importer(815301076,1909f56bfc062723c751e8b465ee728b)
Start importing Assets/Scenes using Guid(f9c8bbe76b6d9bf408b63fd7aff9c192) Importer(815301076,1909f56bfc062723c751e8b465ee728b)  -> (artifact id: 'b19e74ed90e8a99dc9c7086ac6f42058') in 0.010393 seconds
  Import took 0.012988 seconds .

========================================================================
Received Import Request.
  Time since last request: 27.684924 seconds.
  path: Assets/Scenes/stage2.unity
  artifactKey: Guid(cf3d8792b6d1ae64c86ade0adbf9ded7) Importer(815301076,1909f56bfc062723c751e8b465ee728b)
Start importing Assets/Scenes/stage2.unity using Guid(cf3d8792b6d1ae64c86ade0adbf9ded7) Importer(815301076,1909f56bfc062723c751e8b465ee728b)  -> (artifact id: '4a8a272ee03afcfc3df4149b0a6685b8') in 0.014303 seconds
  Import took 0.016808 seconds .

========================================================================
Received Import Request.
  Time since last request: 32.221823 seconds.
  path: Assets/Scenes/Game.unity
  artifactKey: Guid(c0e6949a1b9c09944ae9d8620aa51c3b) Importer(815301076,1909f56bfc062723c751e8b465ee728b)
Start importing Assets/Scenes/Game.unity using Guid(c0e6949a1b9c09944ae9d8620aa51c3b) Importer(815301076,1909f56bfc062723c751e8b465ee728b)  -> (artifact id: 'ac3b69e2b23e2b4f2a706cc16ae70479') in 0.009805 seconds
  Import took 0.012352 seconds .

========================================================================
Received Import Request.
  Time since last request: 151.651851 seconds.
  path: Assets/Script/StageMove.cs
  artifactKey: Guid(532d2a42e16b5f149af823264bed8902) Importer(815301076,1909f56bfc062723c751e8b465ee728b)
Start importing Assets/Script/StageMove.cs using Guid(532d2a42e16b5f149af823264bed8902) Importer(815301076,1909f56bfc062723c751e8b465ee728b)  -> (artifact id: '238fda119d28a451d350a82b7d3129a9') in 0.009492 seconds
  Import took 0.011968 seconds .

========================================================================
Received Import Request.
  Time since last request: 0.007846 seconds.
  path: Assets/Script/StageMove.cs
  artifactKey: Guid(532d2a42e16b5f149af823264bed8902) Importer(815301076,1909f56bfc062723c751e8b465ee728b)
Start importing Assets/Script/StageMove.cs using Guid(532d2a42e16b5f149af823264bed8902) Importer(815301076,1909f56bfc062723c751e8b465ee728b)  -> (artifact id: '238fda119d28a451d350a82b7d3129a9') in 0.001606 seconds
  Import took 0.004228 seconds .

========================================================================
Received Import Request.
  Time since last request: 541.806985 seconds.
  path: Assets/Scenes/Stage1.unity
  artifactKey: Guid(c0e6949a1b9c09944ae9d8620aa51c3b) Importer(815301076,1909f56bfc062723c751e8b465ee728b)
Start importing Assets/Scenes/Stage1.unity using Guid(c0e6949a1b9c09944ae9d8620aa51c3b) Importer(815301076,1909f56bfc062723c751e8b465ee728b)  -> (artifact id: 'ce9d56454f2e12ef93dcf6f7af6d2d4e') in 0.010222 seconds
  Import took 0.013224 seconds .

========================================================================
Received Import Request.
  Time since last request: 0.002640 seconds.
  path: Assets/Scenes/Stage1.unity
  artifactKey: Guid(c0e6949a1b9c09944ae9d8620aa51c3b) Importer(815301076,1909f56bfc062723c751e8b465ee728b)
Start importing Assets/Scenes/Stage1.unity using Guid(c0e6949a1b9c09944ae9d8620aa51c3b) Importer(815301076,1909f56bfc062723c751e8b465ee728b)  -> (artifact id: 'ce9d56454f2e12ef93dcf6f7af6d2d4e') in 0.002038 seconds
  Import took 0.005405 seconds .

========================================================================
Received Import Request.
  Time since last request: 11.373830 seconds.
  path: Assets/Scenes/Stage01.unity
  artifactKey: Guid(c0e6949a1b9c09944ae9d8620aa51c3b) Importer(815301076,1909f56bfc062723c751e8b465ee728b)
Start importing Assets/Scenes/Stage01.unity using Guid(c0e6949a1b9c09944ae9d8620aa51c3b) Importer(815301076,1909f56bfc062723c751e8b465ee728b)  -> (artifact id: 'be8fbd94e6517102709c59dd4e0f9423') in 0.009825 seconds
  Import took 0.012382 seconds .

========================================================================
Received Import Request.
  Time since last request: 0.561800 seconds.
  path: Assets/Scenes/stage2.unity
  artifactKey: Guid(cf3d8792b6d1ae64c86ade0adbf9ded7) Importer(815301076,1909f56bfc062723c751e8b465ee728b)
Start importing Assets/Scenes/stage2.unity using Guid(cf3d8792b6d1ae64c86ade0adbf9ded7) Importer(815301076,1909f56bfc062723c751e8b465ee728b)  -> (artifact id: 'bc0d9550aa7675c6270eef0aa290c150') in 0.002172 seconds
  Import took 0.005463 seconds .

========================================================================
Received Import Request.
  Time since last request: 0.000532 seconds.
  path: Assets/Scenes/stage2.unity
  artifactKey: Guid(cf3d8792b6d1ae64c86ade0adbf9ded7) Importer(815301076,1909f56bfc062723c751e8b465ee728b)
Start importing Assets/Scenes/stage2.unity using Guid(cf3d8792b6d1ae64c86ade0adbf9ded7) Importer(815301076,1909f56bfc062723c751e8b465ee728b)  -> (artifact id: 'bc0d9550aa7675c6270eef0aa290c150') in 0.001623 seconds
  Import took 0.004017 seconds .

========================================================================
Received Import Request.
  Time since last request: 3.897925 seconds.
  path: Assets/Scenes/stage02.unity
  artifactKey: Guid(cf3d8792b6d1ae64c86ade0adbf9ded7) Importer(815301076,1909f56bfc062723c751e8b465ee728b)
Start importing Assets/Scenes/stage02.unity using Guid(cf3d8792b6d1ae64c86ade0adbf9ded7) Importer(815301076,1909f56bfc062723c751e8b465ee728b)  -> (artifact id: '75d6b38fa6460c1d498e16924029e623') in 0.009460 seconds
  Import took 0.011935 seconds .

========================================================================
Received Prepare
Registering precompiled user dll's ...
Registered in 0.000597 seconds.
Begin MonoManager ReloadAssembly
Native extension for WindowsStandalone target not found
Refreshing native plugins compatible for Editor in 0.33 ms, found 1 plugins.
Preloading 0 native plugins for Editor in 0.00 ms.
Mono: successfully reloaded assembly
- Completed reload, in  0.691 seconds
Platform modules already initialized, skipping
Refreshing native plugins compatible for Editor in 0.39 ms, found 1 plugins.
Preloading 0 native plugins for Editor in 0.00 ms.
Unloading 1846 Unused Serialized files (Serialized files now loaded: 0)
System memory in use before: 86.9 MB.
System memory in use after: 86.9 MB.

Unloading 12 unused Assets to reduce memory usage. Loaded Objects now: 2333.
Total: 2.259000 ms (FindLiveObjects: 0.190000 ms CreateObjectMapping: 0.065300 ms MarkObjects: 1.885300 ms  DeleteObjects: 0.117400 ms)

========================================================================
Received Import Request.
  Time since last request: 679.472925 seconds.
  path: Assets/Animation/lastenemy
  artifactKey: Guid(954b2131f9b028e4dac304de9e04597a) Importer(815301076,1909f56bfc062723c751e8b465ee728b)
Start importing Assets/Animation/lastenemy using Guid(954b2131f9b028e4dac304de9e04597a) Importer(815301076,1909f56bfc062723c751e8b465ee728b)  -> (artifact id: '8c14f2d5771315dab5071d23c0b080ac') in 0.010493 seconds
  Import took 0.013195 seconds .

========================================================================
Received Prepare
Registering precompiled user dll's ...
Registered in 0.000530 seconds.
Begin MonoManager ReloadAssembly
Native extension for WindowsStandalone target not found
Refreshing native plugins compatible for Editor in 0.33 ms, found 1 plugins.
Preloading 0 native plugins for Editor in 0.00 ms.
Mono: successfully reloaded assembly
- Completed reload, in  0.687 seconds
Platform modules already initialized, skipping
Refreshing native plugins compatible for Editor in 0.32 ms, found 1 plugins.
Preloading 0 native plugins for Editor in 0.00 ms.
Unloading 1846 Unused Serialized files (Serialized files now loaded: 0)
System memory in use before: 86.9 MB.
System memory in use after: 86.9 MB.

Unloading 12 unused Assets to reduce memory usage. Loaded Objects now: 2337.
Total: 2.211800 ms (FindLiveObjects: 0.334700 ms CreateObjectMapping: 0.102800 ms MarkObjects: 1.677900 ms  DeleteObjects: 0.095400 ms)

========================================================================
Received Import Request.
  Time since last request: 3.675984 seconds.
  path: Assets/Animation/lastplayer
  artifactKey: Guid(1e494b826bae6254fad2a24790be3701) Importer(815301076,1909f56bfc062723c751e8b465ee728b)
Start importing Assets/Animation/lastplayer using Guid(1e494b826bae6254fad2a24790be3701) Importer(815301076,1909f56bfc062723c751e8b465ee728b)  -> (artifact id: '784753226a746432dc130847fbd7772b') in 0.010471 seconds
  Import took 0.012866 seconds .

========================================================================
Received Import Request.
  Time since last request: 3.207537 seconds.
  path: Assets/Animation/hpbar
  artifactKey: Guid(8d25a18e8619ce54eaa80c71b0892bb1) Importer(815301076,1909f56bfc062723c751e8b465ee728b)
Start importing Assets/Animation/hpbar using Guid(8d25a18e8619ce54eaa80c71b0892bb1) Importer(815301076,1909f56bfc062723c751e8b465ee728b)  -> (artifact id: 'dd1ef2509c57fe1bb0a6cde40b57088c') in 0.008998 seconds
  Import took 0.011449 seconds .

========================================================================
Received Import Request.
  Time since last request: 4.146100 seconds.
  path: Assets/Animation/Player
  artifactKey: Guid(d44717ec2a50f4741a8ae79c08944ab1) Importer(815301076,1909f56bfc062723c751e8b465ee728b)
Start importing Assets/Animation/Player using Guid(d44717ec2a50f4741a8ae79c08944ab1) Importer(815301076,1909f56bfc062723c751e8b465ee728b)  -> (artifact id: '54970f92c00de1765b8012436727c05c') in 0.009077 seconds
  Import took 0.011546 seconds .

========================================================================
Received Import Request.
  Time since last request: 3.844779 seconds.
  path: Assets/Animation/Player/dmged.anim
  artifactKey: Guid(b49a123d7f2e5f6458b93bef41df8419) Importer(815301076,1909f56bfc062723c751e8b465ee728b)
Start importing Assets/Animation/Player/dmged.anim using Guid(b49a123d7f2e5f6458b93bef41df8419) Importer(815301076,1909f56bfc062723c751e8b465ee728b)  -> (artifact id: '5e14c4c95bbea4b5c0f5bb44cb122eca') in 0.015482 seconds
  Import took 0.018070 seconds .

========================================================================
Received Import Request.
  Time since last request: 93.358300 seconds.
  path: Assets/Scenes/stage02.unity
  artifactKey: Guid(cf3d8792b6d1ae64c86ade0adbf9ded7) Importer(815301076,1909f56bfc062723c751e8b465ee728b)
Start importing Assets/Scenes/stage02.unity using Guid(cf3d8792b6d1ae64c86ade0adbf9ded7) Importer(815301076,1909f56bfc062723c751e8b465ee728b)  -> (artifact id: '0c9a23f2ed665632a1321afc254683dc') in 0.001790 seconds
  Import took 0.004584 seconds .

========================================================================
Received Import Request.
  Time since last request: 0.000273 seconds.
  path: Assets/Scenes/stage02.unity
  artifactKey: Guid(cf3d8792b6d1ae64c86ade0adbf9ded7) Importer(815301076,1909f56bfc062723c751e8b465ee728b)
Start importing Assets/Scenes/stage02.unity using Guid(cf3d8792b6d1ae64c86ade0adbf9ded7) Importer(815301076,1909f56bfc062723c751e8b465ee728b)  -> (artifact id: '0c9a23f2ed665632a1321afc254683dc') in 0.001887 seconds
  Import took 0.004394 seconds .

========================================================================
Received Import Request.
  Time since last request: 71.565653 seconds.
  path: Assets/Scenes/stage02.unity
  artifactKey: Guid(cf3d8792b6d1ae64c86ade0adbf9ded7) Importer(815301076,1909f56bfc062723c751e8b465ee728b)
Start importing Assets/Scenes/stage02.unity using Guid(cf3d8792b6d1ae64c86ade0adbf9ded7) Importer(815301076,1909f56bfc062723c751e8b465ee728b)  -> (artifact id: '0727667359f7a05d82827752be7f495e') in 0.002261 seconds
  Import took 0.004871 seconds .

========================================================================
Received Import Request.
  Time since last request: 0.000657 seconds.
  path: Assets/Scenes/stage02.unity
  artifactKey: Guid(cf3d8792b6d1ae64c86ade0adbf9ded7) Importer(815301076,1909f56bfc062723c751e8b465ee728b)
Start importing Assets/Scenes/stage02.unity using Guid(cf3d8792b6d1ae64c86ade0adbf9ded7) Importer(815301076,1909f56bfc062723c751e8b465ee728b)  -> (artifact id: '0727667359f7a05d82827752be7f495e') in 0.001614 seconds
  Import took 0.004101 seconds .

========================================================================
Received Prepare
Registering precompiled user dll's ...
Registered in 0.000626 seconds.
Begin MonoManager ReloadAssembly
Native extension for WindowsStandalone target not found
Refreshing native plugins compatible for Editor in 0.35 ms, found 1 plugins.
Preloading 0 native plugins for Editor in 0.00 ms.
Mono: successfully reloaded assembly
- Completed reload, in  0.676 seconds
Platform modules already initialized, skipping
Refreshing native plugins compatible for Editor in 0.34 ms, found 1 plugins.
Preloading 0 native plugins for Editor in 0.00 ms.
Unloading 1846 Unused Serialized files (Serialized files now loaded: 0)
System memory in use before: 87.0 MB.
System memory in use after: 86.9 MB.

Unloading 12 unused Assets to reduce memory usage. Loaded Objects now: 2341.
Total: 1.838000 ms (FindLiveObjects: 0.245300 ms CreateObjectMapping: 0.072000 ms MarkObjects: 1.420000 ms  DeleteObjects: 0.099400 ms)

========================================================================
Received Prepare
Registering precompiled user dll's ...
Registered in 0.000519 seconds.
Begin MonoManager ReloadAssembly
Native extension for WindowsStandalone target not found
Refreshing native plugins compatible for Editor in 0.34 ms, found 1 plugins.
Preloading 0 native plugins for Editor in 0.00 ms.
Mono: successfully reloaded assembly
- Completed reload, in  0.654 seconds
Platform modules already initialized, skipping
Refreshing native plugins compatible for Editor in 0.37 ms, found 1 plugins.
Preloading 0 native plugins for Editor in 0.00 ms.
Unloading 1846 Unused Serialized files (Serialized files now loaded: 0)
System memory in use before: 87.0 MB.
System memory in use after: 86.9 MB.

Unloading 12 unused Assets to reduce memory usage. Loaded Objects now: 2345.
Total: 1.846800 ms (FindLiveObjects: 0.159800 ms CreateObjectMapping: 0.055900 ms MarkObjects: 1.546700 ms  DeleteObjects: 0.083700 ms)

AssetImportWorkerClient::OnTransportError - code=2 error=End of file
